Using pre-set license
Built from '2021.3/staging' branch; Version is '2021.3.2f1 (d6360bedb9a0) revision 14038539'; Using compiler version '192829333'; Build Type 'Release'
OS: 'Windows 11  (10.0.22000) 64bit Core' Language: 'en' Physical Memory: 15734 MB
BatchMode: 1, IsHumanControllingUs: 0, StartBugReporterOnCrash: 0, Is64bit: 1, IsPro: 1

COMMAND LINE ARGUMENTS:
C:\Program Files\Unity\Hub\Editor\2021.3.2f1\Editor\Unity.exe
-adb2
-batchMode
-noUpm
-name
AssetImportWorker2
-projectPath
C:/Users/cpdav/Documents/Unity_Projects/Unity_Scratch_3d
-logFile
Logs/AssetImportWorker2.log
-srvPort
57530
Successfully changed project path to: C:/Users/cpdav/Documents/Unity_Projects/Unity_Scratch_3d
C:/Users/cpdav/Documents/Unity_Projects/Unity_Scratch_3d
[UnityMemory] Configuration Parameters - Can be set up in boot.config
    "memorysetup-bucket-allocator-granularity=16"
    "memorysetup-bucket-allocator-bucket-count=8"
    "memorysetup-bucket-allocator-block-size=33554432"
    "memorysetup-bucket-allocator-block-count=8"
    "memorysetup-main-allocator-block-size=16777216"
    "memorysetup-thread-allocator-block-size=16777216"
    "memorysetup-gfx-main-allocator-block-size=16777216"
    "memorysetup-gfx-thread-allocator-block-size=16777216"
    "memorysetup-cache-allocator-block-size=4194304"
    "memorysetup-typetree-allocator-block-size=2097152"
    "memorysetup-profiler-bucket-allocator-granularity=16"
    "memorysetup-profiler-bucket-allocator-bucket-count=8"
    "memorysetup-profiler-bucket-allocator-block-size=33554432"
    "memorysetup-profiler-bucket-allocator-block-count=8"
    "memorysetup-profiler-allocator-block-size=16777216"
    "memorysetup-profiler-editor-allocator-block-size=1048576"
    "memorysetup-temp-allocator-size-main=16777216"
    "memorysetup-job-temp-allocator-block-size=2097152"
    "memorysetup-job-temp-allocator-block-size-background=1048576"
    "memorysetup-job-temp-allocator-reduction-small-platforms=262144"
    "memorysetup-temp-allocator-size-background-worker=32768"
    "memorysetup-temp-allocator-size-job-worker=262144"
    "memorysetup-temp-allocator-size-preload-manager=33554432"
    "memorysetup-temp-allocator-size-nav-mesh-worker=65536"
    "memorysetup-temp-allocator-size-audio-worker=65536"
    "memorysetup-temp-allocator-size-cloud-worker=32768"
    "memorysetup-temp-allocator-size-gi-baking-worker=262144"
    "memorysetup-temp-allocator-size-gfx=262144"
Refreshing native plugins compatible for Editor in 201.78 ms, found 3 plugins.
Preloading 0 native plugins for Editor in 0.00 ms.
Initialize engine version: 2021.3.2f1 (d6360bedb9a0)
[Subsystems] Discovering subsystems at path C:/Program Files/Unity/Hub/Editor/2021.3.2f1/Editor/Data/Resources/UnitySubsystems
[Subsystems] Discovering subsystems at path C:/Users/cpdav/Documents/Unity_Projects/Unity_Scratch_3d/Assets
GfxDevice: creating device client; threaded=0; jobified=0
Direct3D:
    Version:  Direct3D 11.0 [level 11.1]
    Renderer: AMD Radeon(TM) Graphics (ID=0x1638)
    Vendor:   ATI
    VRAM:     7867 MB
    Driver:   27.20.15026.8004
Initialize mono
Mono path[0] = 'C:/Program Files/Unity/Hub/Editor/2021.3.2f1/Editor/Data/Managed'
Mono path[1] = 'C:/Program Files/Unity/Hub/Editor/2021.3.2f1/Editor/Data/MonoBleedingEdge/lib/mono/unityjit-win32'
Mono config path = 'C:/Program Files/Unity/Hub/Editor/2021.3.2f1/Editor/Data/MonoBleedingEdge/etc'
Using monoOptions --debugger-agent=transport=dt_socket,embedding=1,server=y,suspend=n,address=127.0.0.1:56676
Begin MonoManager ReloadAssembly
Registering precompiled unity dll's ...
Register platform support module: C:/Program Files/Unity/Hub/Editor/2021.3.2f1/Editor/Data/PlaybackEngines/WebGLSupport/UnityEditor.WebGL.Extensions.dll
Register platform support module: C:/Program Files/Unity/Hub/Editor/2021.3.2f1/Editor/Data/PlaybackEngines/WindowsStandaloneSupport/UnityEditor.WindowsStandalone.Extensions.dll
Registered in 0.012584 seconds.
Native extension for WindowsStandalone target not found
Native extension for WebGL target not found
Refreshing native plugins compatible for Editor in 90.13 ms, found 3 plugins.
Preloading 0 native plugins for Editor in 0.00 ms.
Mono: successfully reloaded assembly
- Completed reload, in  0.773 seconds
Domain Reload Profiling:
	ReloadAssembly (774ms)
		BeginReloadAssembly (147ms)
			ExecutionOrderSort (0ms)
			DisableScriptedObjects (0ms)
			BackupInstance (0ms)
			ReleaseScriptingObjects (0ms)
			CreateAndSetChildDomain (1ms)
		EndReloadAssembly (495ms)
			LoadAssemblies (144ms)
			RebuildTransferFunctionScriptingTraits (0ms)
			SetupTypeCache (119ms)
			ReleaseScriptCaches (0ms)
			RebuildScriptCaches (33ms)
			SetupLoadedEditorAssemblies (279ms)
				LogAssemblyErrors (0ms)
				InitializePlatformSupportModulesInManaged (11ms)
				SetLoadedEditorAssemblies (0ms)
				RefreshPlugins (90ms)
				BeforeProcessingInitializeOnLoad (1ms)
				ProcessInitializeOnLoadAttributes (138ms)
				ProcessInitializeOnLoadMethodAttributes (38ms)
				AfterProcessingInitializeOnLoad (0ms)
				EditorAssembliesLoaded (0ms)
			ExecutionOrderSort2 (0ms)
			AwakeInstancesAfterBackupRestoration (0ms)
Platform modules already initialized, skipping
Registering precompiled user dll's ...
Registered in 0.003918 seconds.
Begin MonoManager ReloadAssembly
Symbol file LoadedFromMemory doesn't match image C:\Users\cpdav\Documents\Unity_Projects\Unity_Scratch_3d\Library\PackageCache\com.unity.visualscripting@1.7.6\Editor\VisualScripting.Core\Dependencies\YamlDotNet\Unity.VisualScripting.YamlDotNet.dll
Symbol file LoadedFromMemory doesn't match image C:\Users\cpdav\Documents\Unity_Projects\Unity_Scratch_3d\Library\PackageCache\com.unity.visualscripting@1.7.6\Editor\VisualScripting.Core\Dependencies\DotNetZip\Unity.VisualScripting.IonicZip.dll
Native extension for WindowsStandalone target not found
Native extension for WebGL target not found
Refreshing native plugins compatible for Editor in 77.52 ms, found 3 plugins.
Preloading 0 native plugins for Editor in 0.00 ms.
Mono: successfully reloaded assembly
- Completed reload, in  1.052 seconds
Domain Reload Profiling:
	ReloadAssembly (1052ms)
		BeginReloadAssembly (94ms)
			ExecutionOrderSort (0ms)
			DisableScriptedObjects (5ms)
			BackupInstance (0ms)
			ReleaseScriptingObjects (0ms)
			CreateAndSetChildDomain (17ms)
		EndReloadAssembly (846ms)
			LoadAssemblies (115ms)
			RebuildTransferFunctionScriptingTraits (0ms)
			SetupTypeCache (208ms)
			ReleaseScriptCaches (1ms)
			RebuildScriptCaches (41ms)
			SetupLoadedEditorAssemblies (441ms)
				LogAssemblyErrors (0ms)
				InitializePlatformSupportModulesInManaged (5ms)
				SetLoadedEditorAssemblies (0ms)
				RefreshPlugins (78ms)
				BeforeProcessingInitializeOnLoad (75ms)
				ProcessInitializeOnLoadAttributes (254ms)
				ProcessInitializeOnLoadMethodAttributes (23ms)
				AfterProcessingInitializeOnLoad (6ms)
				EditorAssembliesLoaded (0ms)
			ExecutionOrderSort2 (0ms)
			AwakeInstancesAfterBackupRestoration (5ms)
Platform modules already initialized, skipping
========================================================================
Worker process is ready to serve import requests
Launched and connected shader compiler UnityShaderCompiler.exe after 0.05 seconds
Refreshing native plugins compatible for Editor in 0.73 ms, found 3 plugins.
Preloading 0 native plugins for Editor in 0.00 ms.
Unloading 3720 Unused Serialized files (Serialized files now loaded: 0)
Unloading 29 unused Assets / (112.7 KB). Loaded Objects now: 4198.
Memory consumption went from 146.2 MB to 146.1 MB.
Total: 2.997100 ms (FindLiveObjects: 0.274500 ms CreateObjectMapping: 0.102800 ms MarkObjects: 2.516400 ms  DeleteObjects: 0.102500 ms)

AssetImportParameters requested are different than current active one (requested -> active):
  custom:video-decoder-ogg-theora: a1e56fd34408186e4bbccfd4996cb3dc -> 
  custom:container-muxer-webm: aa71ff27fc2769a1b78a27578f13a17b -> 
  custom:container-demuxer-webm: 4f35f7cbe854078d1ac9338744f61a02 -> 
  custom:video-encoder-webm-vp8: eb34c28f22e8b96e1ab97ce403110664 -> 
  custom:video-codec-MediaFoundation-h265: 746d11721c4dcdbdad8f713fa42b33f4 -> 
  custom:audio-encoder-webm-vorbis: bf7c407c2cedff20999df2af8eb42d56 -> 
  custom:framework-win-MediaFoundation: 216162199b28c13a410421893ffa2e32 -> 
  custom:container-demuxer-ogg: 62fdf1f143b41e24485cea50d1cbac27 -> 
  custom:video-decoder-webm-vp8: 9c59270c3fd7afecdb556c50c9e8de78 -> 
  custom:audio-decoder-ogg-vorbis: bf7c407c2cedff20999df2af8eb42d56 -> 
========================================================================
Received Import Request.
  Time since last request: 359937.787657 seconds.
  path: Assets/FREE Skyboxes - Terrestrial/SBS Terra 4
  artifactKey: Guid(e413fdea22e276a4a974018024259d3e) Importer(815301076,1909f56bfc062723c751e8b465ee728b)
Start importing Assets/FREE Skyboxes - Terrestrial/SBS Terra 4 using Guid(e413fdea22e276a4a974018024259d3e) Importer(815301076,1909f56bfc062723c751e8b465ee728b)  -> (artifact id: '10e0b7ceda5d2eb17daf35243234a2b3') in 0.020045 seconds 
========================================================================
Received Import Request.
  Time since last request: 0.176297 seconds.
  path: Assets/FREE Skyboxes - Terrestrial/SBS Terra 4/SBS Terra 4.asset
  artifactKey: Guid(54082f48356c479449b793dd4cf0aea6) Importer(815301076,1909f56bfc062723c751e8b465ee728b)
Start importing Assets/FREE Skyboxes - Terrestrial/SBS Terra 4/SBS Terra 4.asset using Guid(54082f48356c479449b793dd4cf0aea6) Importer(815301076,1909f56bfc062723c751e8b465ee728b)  -> (artifact id: '7e833f657b4170ec45c5c83cc7ade2dd') in 0.026982 seconds 
========================================================================
Received Import Request.
  Time since last request: 1.962135 seconds.
  path: Assets/FREE Skyboxes - Terrestrial/SBS Terra 4/Medium
  artifactKey: Guid(98e776b6006218d4bb14c09241beb938) Importer(815301076,1909f56bfc062723c751e8b465ee728b)
Start importing Assets/FREE Skyboxes - Terrestrial/SBS Terra 4/Medium using Guid(98e776b6006218d4bb14c09241beb938) Importer(815301076,1909f56bfc062723c751e8b465ee728b)  -> (artifact id: '497afacce330c0253e470d2b4cd250ab') in 0.023367 seconds 
========================================================================
Received Import Request.
  Time since last request: 0.022011 seconds.
  path: Assets/FREE Skyboxes - Terrestrial/SBS Terra 4/Medium/Skybox_Terra 4 Medium.mat
  artifactKey: Guid(01be7231491695047b44efa1909dbbb4) Importer(815301076,1909f56bfc062723c751e8b465ee728b)
Start importing Assets/FREE Skyboxes - Terrestrial/SBS Terra 4/Medium/Skybox_Terra 4 Medium.mat using Guid(01be7231491695047b44efa1909dbbb4) Importer(815301076,1909f56bfc062723c751e8b465ee728b)  -> (artifact id: '3f43e60d70a79a1d5b074ec18dba3eb1') in 0.657423 seconds 
========================================================================
Received Prepare
Registering precompiled user dll's ...
Registered in 0.003541 seconds.
Begin MonoManager ReloadAssembly
Symbol file LoadedFromMemory doesn't match image C:\Users\cpdav\Documents\Unity_Projects\Unity_Scratch_3d\Library\PackageCache\com.unity.visualscripting@1.7.6\Editor\VisualScripting.Core\Dependencies\YamlDotNet\Unity.VisualScripting.YamlDotNet.dll
Symbol file LoadedFromMemory doesn't match image C:\Users\cpdav\Documents\Unity_Projects\Unity_Scratch_3d\Library\PackageCache\com.unity.visualscripting@1.7.6\Editor\VisualScripting.Core\Dependencies\DotNetZip\Unity.VisualScripting.IonicZip.dll
Native extension for WindowsStandalone target not found
Native extension for WebGL target not found
Refreshing native plugins compatible for Editor in 1.75 ms, found 3 plugins.
Preloading 0 native plugins for Editor in 0.00 ms.
Mono: successfully reloaded assembly
- Completed reload, in  1.806 seconds
Domain Reload Profiling:
	ReloadAssembly (1807ms)
		BeginReloadAssembly (165ms)
			ExecutionOrderSort (0ms)
			DisableScriptedObjects (6ms)
			BackupInstance (0ms)
			ReleaseScriptingObjects (0ms)
			CreateAndSetChildDomain (48ms)
		EndReloadAssembly (1512ms)
			LoadAssemblies (92ms)
			RebuildTransferFunctionScriptingTraits (0ms)
			SetupTypeCache (481ms)
			ReleaseScriptCaches (4ms)
			RebuildScriptCaches (96ms)
			SetupLoadedEditorAssemblies (708ms)
				LogAssemblyErrors (0ms)
				InitializePlatformSupportModulesInManaged (25ms)
				SetLoadedEditorAssemblies (1ms)
				RefreshPlugins (2ms)
				BeforeProcessingInitializeOnLoad (126ms)
				ProcessInitializeOnLoadAttributes (493ms)
				ProcessInitializeOnLoadMethodAttributes (52ms)
				AfterProcessingInitializeOnLoad (9ms)
				EditorAssembliesLoaded (0ms)
			ExecutionOrderSort2 (0ms)
			AwakeInstancesAfterBackupRestoration (15ms)
Platform modules already initialized, skipping
Refreshing native plugins compatible for Editor in 2.05 ms, found 3 plugins.
Preloading 0 native plugins for Editor in 0.00 ms.
Unloading 3700 Unused Serialized files (Serialized files now loaded: 0)
Unloading 20 unused Assets / (80.0 KB). Loaded Objects now: 4240.
Memory consumption went from 149.2 MB to 149.1 MB.
Total: 4.965500 ms (FindLiveObjects: 0.377300 ms CreateObjectMapping: 0.130100 ms MarkObjects: 4.346800 ms  DeleteObjects: 0.110000 ms)

AssetImportParameters requested are different than current active one (requested -> active):
  custom:video-decoder-ogg-theora: a1e56fd34408186e4bbccfd4996cb3dc -> 
  custom:container-muxer-webm: aa71ff27fc2769a1b78a27578f13a17b -> 
  custom:container-demuxer-webm: 4f35f7cbe854078d1ac9338744f61a02 -> 
  custom:video-encoder-webm-vp8: eb34c28f22e8b96e1ab97ce403110664 -> 
  custom:video-codec-MediaFoundation-h265: 746d11721c4dcdbdad8f713fa42b33f4 -> 
  custom:audio-encoder-webm-vorbis: bf7c407c2cedff20999df2af8eb42d56 -> 
  custom:framework-win-MediaFoundation: 216162199b28c13a410421893ffa2e32 -> 
  custom:container-demuxer-ogg: 62fdf1f143b41e24485cea50d1cbac27 -> 
  custom:video-decoder-webm-vp8: 9c59270c3fd7afecdb556c50c9e8de78 -> 
  custom:audio-decoder-ogg-vorbis: bf7c407c2cedff20999df2af8eb42d56 -> 
========================================================================
Received Prepare
Registering precompiled user dll's ...
Registered in 0.008205 seconds.
Begin MonoManager ReloadAssembly
Symbol file LoadedFromMemory doesn't match image C:\Users\cpdav\Documents\Unity_Projects\Unity_Scratch_3d\Library\PackageCache\com.unity.visualscripting@1.7.6\Editor\VisualScripting.Core\Dependencies\YamlDotNet\Unity.VisualScripting.YamlDotNet.dll
Symbol file LoadedFromMemory doesn't match image C:\Users\cpdav\Documents\Unity_Projects\Unity_Scratch_3d\Library\PackageCache\com.unity.visualscripting@1.7.6\Editor\VisualScripting.Core\Dependencies\DotNetZip\Unity.VisualScripting.IonicZip.dll
Native extension for WindowsStandalone target not found
Native extension for WebGL target not found
Refreshing native plugins compatible for Editor in 1.72 ms, found 3 plugins.
Preloading 0 native plugins for Editor in 0.00 ms.
Mono: successfully reloaded assembly
- Completed reload, in  1.611 seconds
Domain Reload Profiling:
	ReloadAssembly (1612ms)
		BeginReloadAssembly (141ms)
			ExecutionOrderSort (0ms)
			DisableScriptedObjects (7ms)
			BackupInstance (0ms)
			ReleaseScriptingObjects (0ms)
			CreateAndSetChildDomain (43ms)
		EndReloadAssembly (1380ms)
			LoadAssemblies (81ms)
			RebuildTransferFunctionScriptingTraits (0ms)
			SetupTypeCache (458ms)
			ReleaseScriptCaches (3ms)
			RebuildScriptCaches (79ms)
			SetupLoadedEditorAssemblies (637ms)
				LogAssemblyErrors (0ms)
				InitializePlatformSupportModulesInManaged (25ms)
				SetLoadedEditorAssemblies (1ms)
				RefreshPlugins (2ms)
				BeforeProcessingInitializeOnLoad (118ms)
				ProcessInitializeOnLoadAttributes (444ms)
				ProcessInitializeOnLoadMethodAttributes (41ms)
				AfterProcessingInitializeOnLoad (7ms)
				EditorAssembliesLoaded (0ms)
			ExecutionOrderSort2 (0ms)
			AwakeInstancesAfterBackupRestoration (11ms)
Platform modules already initialized, skipping
Refreshing native plugins compatible for Editor in 4.81 ms, found 3 plugins.
Preloading 0 native plugins for Editor in 0.00 ms.
Unloading 3700 Unused Serialized files (Serialized files now loaded: 0)
Unloading 20 unused Assets / (79.9 KB). Loaded Objects now: 4243.
Memory consumption went from 149.2 MB to 149.1 MB.
Total: 7.160300 ms (FindLiveObjects: 0.694600 ms CreateObjectMapping: 0.165600 ms MarkObjects: 6.008700 ms  DeleteObjects: 0.288400 ms)

AssetImportParameters requested are different than current active one (requested -> active):
  custom:video-decoder-ogg-theora: a1e56fd34408186e4bbccfd4996cb3dc -> 
  custom:container-muxer-webm: aa71ff27fc2769a1b78a27578f13a17b -> 
  custom:container-demuxer-webm: 4f35f7cbe854078d1ac9338744f61a02 -> 
  custom:video-encoder-webm-vp8: eb34c28f22e8b96e1ab97ce403110664 -> 
  custom:video-codec-MediaFoundation-h265: 746d11721c4dcdbdad8f713fa42b33f4 -> 
  custom:audio-encoder-webm-vorbis: bf7c407c2cedff20999df2af8eb42d56 -> 
  custom:framework-win-MediaFoundation: 216162199b28c13a410421893ffa2e32 -> 
  custom:container-demuxer-ogg: 62fdf1f143b41e24485cea50d1cbac27 -> 
  custom:video-decoder-webm-vp8: 9c59270c3fd7afecdb556c50c9e8de78 -> 
  custom:audio-decoder-ogg-vorbis: bf7c407c2cedff20999df2af8eb42d56 -> 
========================================================================
Received Prepare
Registering precompiled user dll's ...
Registered in 0.008764 seconds.
Begin MonoManager ReloadAssembly
Symbol file LoadedFromMemory doesn't match image C:\Users\cpdav\Documents\Unity_Projects\Unity_Scratch_3d\Library\PackageCache\com.unity.visualscripting@1.7.6\Editor\VisualScripting.Core\Dependencies\YamlDotNet\Unity.VisualScripting.YamlDotNet.dll
Symbol file LoadedFromMemory doesn't match image C:\Users\cpdav\Documents\Unity_Projects\Unity_Scratch_3d\Library\PackageCache\com.unity.visualscripting@1.7.6\Editor\VisualScripting.Core\Dependencies\DotNetZip\Unity.VisualScripting.IonicZip.dll
Native extension for WindowsStandalone target not found
Native extension for WebGL target not found
Refreshing native plugins compatible for Editor in 2.44 ms, found 3 plugins.
Preloading 0 native plugins for Editor in 0.00 ms.
Mono: successfully reloaded assembly
- Completed reload, in  1.755 seconds
Domain Reload Profiling:
	ReloadAssembly (1757ms)
		BeginReloadAssembly (157ms)
			ExecutionOrderSort (0ms)
			DisableScriptedObjects (7ms)
			BackupInstance (0ms)
			ReleaseScriptingObjects (0ms)
			CreateAndSetChildDomain (42ms)
		EndReloadAssembly (1497ms)
			LoadAssemblies (93ms)
			RebuildTransferFunctionScriptingTraits (0ms)
			SetupTypeCache (506ms)
			ReleaseScriptCaches (4ms)
			RebuildScriptCaches (79ms)
			SetupLoadedEditorAssemblies (695ms)
				LogAssemblyErrors (0ms)
				InitializePlatformSupportModulesInManaged (25ms)
				SetLoadedEditorAssemblies (1ms)
				RefreshPlugins (3ms)
				BeforeProcessingInitializeOnLoad (133ms)
				ProcessInitializeOnLoadAttributes (478ms)
				ProcessInitializeOnLoadMethodAttributes (47ms)
				AfterProcessingInitializeOnLoad (9ms)
				EditorAssembliesLoaded (1ms)
			ExecutionOrderSort2 (0ms)
			AwakeInstancesAfterBackupRestoration (14ms)
Platform modules already initialized, skipping
Refreshing native plugins compatible for Editor in 3.64 ms, found 3 plugins.
Preloading 0 native plugins for Editor in 0.00 ms.
Unloading 3700 Unused Serialized files (Serialized files now loaded: 0)
Unloading 20 unused Assets / (79.8 KB). Loaded Objects now: 4246.
Memory consumption went from 149.2 MB to 149.1 MB.
Total: 7.013100 ms (FindLiveObjects: 0.778100 ms CreateObjectMapping: 0.153700 ms MarkObjects: 5.870200 ms  DeleteObjects: 0.208500 ms)

AssetImportParameters requested are different than current active one (requested -> active):
  custom:video-decoder-ogg-theora: a1e56fd34408186e4bbccfd4996cb3dc -> 
  custom:container-muxer-webm: aa71ff27fc2769a1b78a27578f13a17b -> 
  custom:container-demuxer-webm: 4f35f7cbe854078d1ac9338744f61a02 -> 
  custom:video-encoder-webm-vp8: eb34c28f22e8b96e1ab97ce403110664 -> 
  custom:video-codec-MediaFoundation-h265: 746d11721c4dcdbdad8f713fa42b33f4 -> 
  custom:audio-encoder-webm-vorbis: bf7c407c2cedff20999df2af8eb42d56 -> 
  custom:framework-win-MediaFoundation: 216162199b28c13a410421893ffa2e32 -> 
  custom:container-demuxer-ogg: 62fdf1f143b41e24485cea50d1cbac27 -> 
  custom:video-decoder-webm-vp8: 9c59270c3fd7afecdb556c50c9e8de78 -> 
  custom:audio-decoder-ogg-vorbis: bf7c407c2cedff20999df2af8eb42d56 -> 
========================================================================
Received Import Request.
  Time since last request: 376.459202 seconds.
  path: Assets/Prefabs/LightFollower
  artifactKey: Guid(2000f23485c64a340b28b3e3d1641c12) Importer(815301076,1909f56bfc062723c751e8b465ee728b)
Start importing Assets/Prefabs/LightFollower using Guid(2000f23485c64a340b28b3e3d1641c12) Importer(815301076,1909f56bfc062723c751e8b465ee728b)  -> (artifact id: 'f0ecdad210ea1fbde3ea22e9e7639a92') in 0.025331 seconds 
========================================================================
Received Import Request.
  Time since last request: 13.778618 seconds.
  path: Assets/Prefabs/LightFollower/Home.prefab
  artifactKey: Guid(9b3156d01d9a3e747ad358638361fcc3) Importer(815301076,1909f56bfc062723c751e8b465ee728b)
Start importing Assets/Prefabs/LightFollower/Home.prefab using Guid(9b3156d01d9a3e747ad358638361fcc3) Importer(815301076,1909f56bfc062723c751e8b465ee728b)  -> (artifact id: '455c961001c8f842702da1df5881409c') in 0.037785 seconds 
========================================================================
Received Import Request.
  Time since last request: 14.402049 seconds.
  path: Assets/Prefabs/LightFollower/Home.prefab
  artifactKey: Guid(9b3156d01d9a3e747ad358638361fcc3) Importer(815301076,1909f56bfc062723c751e8b465ee728b)
Start importing Assets/Prefabs/LightFollower/Home.prefab using Guid(9b3156d01d9a3e747ad358638361fcc3) Importer(815301076,1909f56bfc062723c751e8b465ee728b)  -> (artifact id: 'eb5c6c2320fe6fb85f9a6797e3eb2a86') in 0.079008 seconds 
========================================================================
Received Import Request.
  Time since last request: 5.117366 seconds.
  path: Assets/Prefabs/LightFollower/Home.prefab
  artifactKey: Guid(9b3156d01d9a3e747ad358638361fcc3) Importer(815301076,1909f56bfc062723c751e8b465ee728b)
Start importing Assets/Prefabs/LightFollower/Home.prefab using Guid(9b3156d01d9a3e747ad358638361fcc3) Importer(815301076,1909f56bfc062723c751e8b465ee728b)  -> (artifact id: 'ae8fe1d39514ce548fd4332c4f7cf31f') in 0.023359 seconds 
========================================================================
Received Import Request.
  Time since last request: 6.176815 seconds.
  path: Assets/FREE Skyboxes - Terrestrial/SBS Terra 5/Small/Skybox_Terra 5 Small.mat
  artifactKey: Guid(34b6c1b8aa2045e48a02de92487e5797) Importer(815301076,1909f56bfc062723c751e8b465ee728b)
Start importing Assets/FREE Skyboxes - Terrestrial/SBS Terra 5/Small/Skybox_Terra 5 Small.mat using Guid(34b6c1b8aa2045e48a02de92487e5797) Importer(815301076,1909f56bfc062723c751e8b465ee728b)  -> (artifact id: 'bd4160767fe0e23eb99f022ee5d245ec') in 0.193763 seconds 
========================================================================
Received Import Request.
  Time since last request: 0.000059 seconds.
  path: Assets/FREE Skyboxes - Terrestrial/SBS Terra 4/Small/Skybox_Terra 4 Small.mat
  artifactKey: Guid(5c2141cd390e2064694a0aba1cf365c2) Importer(815301076,1909f56bfc062723c751e8b465ee728b)
Start importing Assets/FREE Skyboxes - Terrestrial/SBS Terra 4/Small/Skybox_Terra 4 Small.mat using Guid(5c2141cd390e2064694a0aba1cf365c2) Importer(815301076,1909f56bfc062723c751e8b465ee728b)  -> (artifact id: 'f156a81093aa75b38d4cc217e75c3d1b') in 0.121786 seconds 
========================================================================
Received Import Request.
  Time since last request: 0.000046 seconds.
  path: Assets/FREE Skyboxes - Terrestrial/SBS Terra 2/Large/Skybox_Terra 2 Large.mat
  artifactKey: Guid(d7c06b4d5ad90da42aa2678e2421b1c1) Importer(815301076,1909f56bfc062723c751e8b465ee728b)
Start importing Assets/FREE Skyboxes - Terrestrial/SBS Terra 2/Large/Skybox_Terra 2 Large.mat using Guid(d7c06b4d5ad90da42aa2678e2421b1c1) Importer(815301076,1909f56bfc062723c751e8b465ee728b)  -> (artifact id: '76bf664697538a70e3250d9d057add27') in 1.613094 seconds 
========================================================================
Received Import Request.
  Time since last request: 0.000073 seconds.
  path: Assets/FREE Skyboxes - Terrestrial/SBS Terra 2/Small/Skybox_Terra 2 Small.mat
  artifactKey: Guid(96703d84196ab194f8f13b71c2d8393a) Importer(815301076,1909f56bfc062723c751e8b465ee728b)
Start importing Assets/FREE Skyboxes - Terrestrial/SBS Terra 2/Small/Skybox_Terra 2 Small.mat using Guid(96703d84196ab194f8f13b71c2d8393a) Importer(815301076,1909f56bfc062723c751e8b465ee728b)  -> (artifact id: 'fc6d48a0647017baeb8cf633f4cb1578') in 0.077287 seconds 
========================================================================
Received Import Request.
  Time since last request: 0.000055 seconds.
  path: Assets/FREE Skyboxes - Terrestrial/SBS Terra 1/Medium/Skybox_Terra 1 Medium.mat
  artifactKey: Guid(b9df361e96ea4cb48afb6aeba3d0c8b2) Importer(815301076,1909f56bfc062723c751e8b465ee728b)
Start importing Assets/FREE Skyboxes - Terrestrial/SBS Terra 1/Medium/Skybox_Terra 1 Medium.mat using Guid(b9df361e96ea4cb48afb6aeba3d0c8b2) Importer(815301076,1909f56bfc062723c751e8b465ee728b)  -> (artifact id: '2fd2aeb09681f50441802d34f5480e90') in 0.221488 seconds 
========================================================================
Received Import Request.
  Time since last request: 0.000078 seconds.
  path: Assets/FREE Skyboxes - Terrestrial/SBS Terra 3/Medium/Skybox_Terra 3 Medium.mat
  artifactKey: Guid(a744f853cb3415a419a7800a92598a39) Importer(815301076,1909f56bfc062723c751e8b465ee728b)
Start importing Assets/FREE Skyboxes - Terrestrial/SBS Terra 3/Medium/Skybox_Terra 3 Medium.mat using Guid(a744f853cb3415a419a7800a92598a39) Importer(815301076,1909f56bfc062723c751e8b465ee728b)  -> (artifact id: 'f30ee9ee179357c5e0c2340dea8279b1') in 0.280743 seconds 
========================================================================
Received Import Request.
  Time since last request: 0.000076 seconds.
  path: Assets/FREE Skyboxes - Terrestrial/SBS Terra 1/Small/Skybox_Terra 1 Small.mat
  artifactKey: Guid(678cb12e50dd02248a5cf276811b8d61) Importer(815301076,1909f56bfc062723c751e8b465ee728b)
Start importing Assets/FREE Skyboxes - Terrestrial/SBS Terra 1/Small/Skybox_Terra 1 Small.mat using Guid(678cb12e50dd02248a5cf276811b8d61) Importer(815301076,1909f56bfc062723c751e8b465ee728b)  -> (artifact id: 'ef1fa8e0695eb4ad262f6dd24507ce45') in 0.086520 seconds 
========================================================================
Received Import Request.
  Time since last request: 0.000042 seconds.
  path: Assets/FREE Skyboxes - Terrestrial/SBS Terra 1/Large/Skybox_Terra 1 Large.mat
  artifactKey: Guid(85662621bfff91c4a9390e5f52d493d7) Importer(815301076,1909f56bfc062723c751e8b465ee728b)
Start importing Assets/FREE Skyboxes - Terrestrial/SBS Terra 1/Large/Skybox_Terra 1 Large.mat using Guid(85662621bfff91c4a9390e5f52d493d7) Importer(815301076,1909f56bfc062723c751e8b465ee728b)  -> (artifact id: '077ed520adc20f3210f4a4add8b4447b') in 0.791243 seconds 
========================================================================
Received Import Request.
  Time since last request: 0.000051 seconds.
  path: Assets/FREE Skyboxes - Terrestrial/SBS Terra 3/Small/Skybox_Terra 3 Small.mat
  artifactKey: Guid(5f47e0ce641b2a1438759f19a9043813) Importer(815301076,1909f56bfc062723c751e8b465ee728b)
Start importing Assets/FREE Skyboxes - Terrestrial/SBS Terra 3/Small/Skybox_Terra 3 Small.mat using Guid(5f47e0ce641b2a1438759f19a9043813) Importer(815301076,1909f56bfc062723c751e8b465ee728b)  -> (artifact id: 'af5047d5e7ad6bf08040f9d985975ea6') in 0.078752 seconds 
Editor requested this worker to shutdown with reason: Scaling down because of idle timeout
AssetImportWorkerClient::OnTransportError - code=2 error=End of file
AssetImportWorker is now disconnected from the server
Process exiting
Exiting without the bug reporter. Application will terminate with return code 0